[2021-06-05 00:40:49] bootchained: Starting server [INITRAMFS 9.1]...
[2021-06-05 00:40:49] bootchained: Booting with /proc/cmdline:
============================================================
initrd=initrd.img fastboot live root=bootchain bootchain=fg,altboot bc_debug live_rw automatic=method:ftp,network:dhcp ip=dhcp stagename=live ramdisk_size=1224667 showopts lowmem vga=normal quiet nosplash lang=ru_RU
============================================================

[2021-06-05 00:40:49] bootchained: RUN: mkdir -p -- /dev/bootchain /.initrd/bootchain/passed
[2021-06-05 00:40:49] bootchained: RUN: mount -t tmpfs tmpfs /dev/bootchain
[2021-06-05 00:40:49] bootchain-loop: LET: callnum="0"
[2021-06-05 00:40:49] bootchain-loop: [0] Switching to foreground
[2021-06-05 00:40:49] bootchain-loop: LET: callnum_fg="1"
[2021-06-05 00:40:49] bootchain-loop: TTY2 will be activated after 2 seconds
[2021-06-05 00:40:50] bootchain-loop: LET: callnum="0"
[2021-06-05 00:40:50] bootchain-loop: RUN: mkdir -p -- /dev/bootchain/src/step0 /dev/bootchain/dst/step0
[2021-06-05 00:40:50] bootchain-loop: [0] Handler: /lib/bootchain/altboot
[2021-06-05 00:40:50] debug: debug for altboot [0] started
[2021-06-05 00:40:50] debug: PREV DIR: 
[2021-06-05 00:40:50] debug: Data DIR: /dev/bootchain/src/step0
[2021-06-05 00:40:50] debug: DEST DIR: /dev/bootchain/dst/step0
############################################################
[2021-06-05 00:40:50] debug: debug for altboot [0] finished
[2021-06-05 00:40:50] bootchain-loop: RUN: /lib/bootchain/altboot
[2021-06-05 00:40:50] altboot: [0] altboot started (automatic='method:ftp,network:dhcp')
[2021-06-05 00:40:50] altboot: [0] WELCOME TEXT: 'Welcome to ALT!'
[2021-06-05 00:40:50] altboot: [0] DISTRIBUTION: 'ALT Workstation 10'
[2021-06-05 00:40:50] altboot: [0] ENTER: altboot_config
[2021-06-05 00:40:50] altboot: [0] RUN: ls -1 -- /lib/altboot/automatic.d/
[2021-06-05 00:40:50] altboot: [0] ENTER: use_hooks
[2021-06-05 00:40:50] altboot: [0] HOOKS: 'automatic.d'
[2021-06-05 00:40:50] altboot: [0] USING: 'automatic.d/directory'
[2021-06-05 00:40:50] altboot: [0] LEAVE: use_hooks
[2021-06-05 00:40:50] altboot: [0] ENTER: use_hooks
[2021-06-05 00:40:50] altboot: [0] HOOKS: 'add-methods.d'
[2021-06-05 00:40:50] altboot: [0] USING: 'add-methods.d/100-nfs'
[2021-06-05 00:40:50] altboot: [0] boot method registered: 'nfs'
[2021-06-05 00:40:50] altboot: [0] USING: 'add-methods.d/150-ftp'
[2021-06-05 00:40:50] altboot: [0] boot method registered: 'ftp'
[2021-06-05 00:40:50] altboot: [0] USING: 'add-methods.d/250-http'
[2021-06-05 00:40:50] altboot: [0] boot method registered: 'http'
[2021-06-05 00:40:50] altboot: [0] USING: 'add-methods.d/450-cifs'
[2021-06-05 00:40:50] altboot: [0] boot method registered: 'cifs'
[2021-06-05 00:40:50] altboot: [0] USING: 'add-methods.d/750-cdrom'
[2021-06-05 00:40:50] altboot: [0] boot method registered: 'cdrom'
[2021-06-05 00:40:50] altboot: [0] USING: 'add-methods.d/850-disk'
[2021-06-05 00:40:50] altboot: [0] boot method registered: 'disk'
[2021-06-05 00:40:50] altboot: [0] LEAVE: use_hooks
[2021-06-05 00:40:50] altboot: [0] RUN: ls -1 -- /lib/altboot/global-args.d/
[2021-06-05 00:40:50] altboot: [0] ENTER: use_hooks
[2021-06-05 00:40:50] altboot: [0] HOOKS: 'translate.d'
[2021-06-05 00:40:50] altboot: [0] USING: 'translate.d/050-overlays'
[2021-06-05 00:40:50] altboot: [0] USING: 'translate.d/070-lowmem'
[2021-06-05 00:40:50] altboot: [0] USING: 'translate.d/100-cifs'
[2021-06-05 00:40:50] altboot: [0] USING: 'translate.d/100-download'
[2021-06-05 00:40:50] altboot: [0] USING: 'translate.d/100-localdev'
[2021-06-05 00:40:50] altboot: [0] USING: 'translate.d/100-nfs'
[2021-06-05 00:40:50] altboot: [0] USING: 'translate.d/350-squashfs'
[2021-06-05 00:40:50] altboot: [0] USING: 'translate.d/520-liverw'
[2021-06-05 00:40:50] altboot: [0] USING: 'translate.d/550-liveboot'
[2021-06-05 00:40:50] altboot: [0] USING: 'translate.d/650-liverw'
[2021-06-05 00:40:50] altboot: [0] USING: 'translate.d/750-liveboot'
[2021-06-05 00:40:50] altboot: [0] USING: 'translate.d/950-liveboot'
[2021-06-05 00:40:50] altboot: [0] LEAVE: use_hooks
[2021-06-05 00:40:50] altboot: [0] BOOTCHAIN REPLACED: 'download,iso9660,squashfs,liveboot,rootfs'
[2021-06-05 00:40:50] altboot: [0] LEAVE: altboot_config
[2021-06-05 00:40:50] altboot: [0] ENTER: use_hooks
[2021-06-05 00:40:50] altboot: [0] HOOKS: 'forget-args.d'
[2021-06-05 00:40:50] altboot: [0] USING: 'forget-args.d/100-altboot'
[2021-06-05 00:40:50] altboot: [0] USING: 'forget-args.d/300-localdev'
[2021-06-05 00:40:50] altboot: [0] USING: 'forget-args.d/400-liverw'
[2021-06-05 00:40:50] altboot: [0] LEAVE: use_hooks
[2021-06-05 00:40:50] altboot: [0] altboot steps configuration (/.initrd/bootchain/altboot.conf):
============================================================
ALTBOOT_OLDROOT=1
ALTBOOT_STEPS="download iso9660 squashfs liveboot"
ALTBOOT_CHECKSUM0=""
ALTBOOT_CHECKSUM=
ALTBOOT_CIFS0=""
ALTBOOT_CIFS=
ALTBOOT_DOWNLOAD0="to=RD;method=ftp"
ALTBOOT_DOWNLOAD=1
ALTBOOT_LIVEBOOT0="stagename=live;method=ftp;flags=live_ro,live_rw"
ALTBOOT_LIVEBOOT=1
ALTBOOT_LOCALDEV0=""
ALTBOOT_LOCALDEV=
ALTBOOT_NFS0=""
ALTBOOT_NFS=
ALTBOOT_SQUASHFS0="/live"
ALTBOOT_SQUASHFS=1
unset AUTOMATIC
unset STAGENAME
unset PROFILE
unset HASH
unset RESCUE
unset LIVE
unset LOWMEM
unset UPDATEMODULES
unset LIVE_RW
============================================================

[2021-06-05 00:40:50] altboot: [0] ENTER: bypass_results
[2021-06-05 00:40:50] altboot: [0] LEAVE: bypass_results
[2021-06-05 00:40:50] altboot: [0] altboot finished
[2021-06-05 00:40:50] bootchain-loop: chain will be reloaded by /.initrd/bootchain/bootchain.next:
============================================================
chainsteps="download,iso9660,squashfs,liveboot,rootfs"
============================================================

[2021-06-05 00:40:50] bootchain-loop: RUN: rm -f -- /.initrd/bootchain/bootchain.next
[2021-06-05 00:40:50] bootchain-loop: remaining steps: download,iso9660,squashfs,liveboot,rootfs
[2021-06-05 00:40:50] bootchain-loop: LET: callnum="0"
[2021-06-05 00:40:50] bootchain-loop: RUN: mkdir -p -- /dev/bootchain/src/step1 /dev/bootchain/dst/step1
[2021-06-05 00:40:50] bootchain-loop: [0] Handler: /lib/bootchain/download
[2021-06-05 00:40:50] debug: debug for download [0] started
[2021-06-05 00:40:50] debug: PREV DIR: /dev/bootchain/dst/step0
[2021-06-05 00:40:50] debug: Data DIR: /dev/bootchain/src/step1
[2021-06-05 00:40:50] debug: DEST DIR: /dev/bootchain/dst/step1
##############################
Previous step results (/dev/bootchain/dst/step0):
##############################
[2021-06-05 00:40:50] debug: debug for download [0] finished
[2021-06-05 00:40:50] bootchain-loop: RUN: /lib/bootchain/download
[2021-06-05 00:40:50] download: [0] ENTER: get_bootarg
[2021-06-05 00:40:50] download: [0] LET: to="RD"
[2021-06-05 00:40:50] download: [0] LEAVE: get_bootarg
[2021-06-05 00:40:50] download: [0] ENTER: get_bootarg
[2021-06-05 00:40:50] download: [0] LET: method="ftp"
[2021-06-05 00:40:50] download: [0] LEAVE: get_bootarg
[2021-06-05 00:40:50] download: [0] ENTER: get_bootarg
[2021-06-05 00:40:50] download: [0] LET: url=""
[2021-06-05 00:40:50] download: [0] LEAVE: get_bootarg
[2021-06-05 00:40:50] download: [0] ENTER: get_bootarg
[2021-06-05 00:40:50] download: [0] LET: server=""
[2021-06-05 00:40:50] download: [0] LEAVE: get_bootarg
[2021-06-05 00:40:50] download: [0] ENTER: get_bootarg
[2021-06-05 00:40:50] download: [0] LET: directory=""
[2021-06-05 00:40:50] download: [0] LEAVE: get_bootarg
[2021-06-05 00:40:50] download: [0] ENTER: get_bootarg
[2021-06-05 00:40:50] download: [0] LET: user=""
[2021-06-05 00:40:50] download: [0] LEAVE: get_bootarg
[2021-06-05 00:40:50] download: [0] ENTER: get_bootarg
[2021-06-05 00:40:50] download: [0] LET: pass=""
[2021-06-05 00:40:50] download: [0] LEAVE: get_bootarg
[2021-06-05 00:40:50] download: [0] ENTER: get_bootarg
[2021-06-05 00:40:50] download: [0] LET: imgsize=""
[2021-06-05 00:40:50] download: [0] LEAVE: get_bootarg
[2021-06-05 00:40:50] download: [0] ENTER: get_bootarg
[2021-06-05 00:40:50] download: [0] LET: timeout=""
[2021-06-05 00:40:50] download: [0] LEAVE: get_bootarg
[2021-06-05 00:40:50] download: [0] download started (to=RD;method=ftp)
[2021-06-05 00:40:51] download: [0] ENTER: get_free_ramdisk
[2021-06-05 00:40:51] download: [0] LET: to="/dev/ram0"
[2021-06-05 00:40:51] download: [0] LEAVE: get_free_ramdisk
[2021-06-05 00:40:51] download: [0] ENTER: mark_used_ramdisk
[2021-06-05 00:40:51] download: [0] RUN: mkdir -p -- /.initrd/ramdisks
[2021-06-05 00:40:51] download: [0] RUN: touch -- /.initrd/ramdisks/0
[2021-06-05 00:40:51] download: [0] LEAVE: mark_used_ramdisk
[2021-06-05 00:40:51] download: [0] ENTER: download_input_form
[2021-06-05 00:40:51] download: [0] ENTER: ftp_input_form
[2021-06-05 00:41:17] download: [0] LEAVE: ftp_input_form
[2021-06-05 00:41:17] download: [0] LEAVE: download_input_form
[2021-06-05 00:41:17] download: [0] ENTER: get_file_size
[2021-06-05 00:41:17] download: [0] RUN: mktemp -t
[2021-06-05 00:41:17] download: retrieving image file size: 'ftp://mirror.yandex.ru/a/b/c'
[2021-06-05 00:41:17] download: [0] RUN: curl -sI -- ftp://mirror.yandex.ru/a/b/c
[2021-06-05 00:41:20] download: [0] RUN: curl -sI -- ftp://mirror.yandex.ru/a/b/c
[2021-06-05 00:41:23] download: [0] RUN: curl -sI -- ftp://mirror.yandex.ru/a/b/c
[2021-06-05 00:41:26] download: [0] RUN: curl -sI -- ftp://mirror.yandex.ru/a/b/c
[2021-06-05 00:41:29] download: [0] RUN: curl -sI -- ftp://mirror.yandex.ru/a/b/c
[2021-06-05 00:41:32] download: [0] RUN: curl -sI -- ftp://mirror.yandex.ru/a/b/c
[2021-06-05 00:41:35] download: [0] RUN: curl -sI -- ftp://mirror.yandex.ru/a/b/c
[2021-06-05 00:41:38] download: [0] RUN: rm -f -- /tmp/tmp.POWcia
[2021-06-05 00:41:39] download: can't retrieve image/file size by specified URL
[2021-06-05 00:41:39] download: [0] LEAVE: get_file_size
[2021-06-05 00:41:39] download: [0] iteration failed (rc=1, determinate file size)
[2021-06-05 00:41:44] download: connection error or bad URL/filename: 'ftp://mirror.yandex.ru/a/b/c', go to the next ring
[2021-06-05 00:41:44] download: [0] ENTER: download_input_form
[2021-06-05 00:41:44] download: [0] ENTER: ftp_input_form
[2021-06-05 00:41:57] download: [0] LEAVE: ftp_input_form
[2021-06-05 00:41:57] download: [0] LEAVE: download_input_form
[2021-06-05 00:41:57] download: [0] ENTER: get_file_size
[2021-06-05 00:41:57] download: [0] RUN: mktemp -t
[2021-06-05 00:41:57] download: retrieving image file size: 'ftp://192.168.15.1/a/b/c'
[2021-06-05 00:41:57] download: [0] RUN: curl -sI -- ftp://192.168.15.1/a/b/c
[2021-06-05 00:42:00] download: [0] RUN: curl -sI -- ftp://192.168.15.1/a/b/c
[2021-06-05 00:42:03] download: [0] RUN: curl -sI -- ftp://192.168.15.1/a/b/c
[2021-06-05 00:42:06] download: [0] RUN: curl -sI -- ftp://192.168.15.1/a/b/c
[2021-06-05 00:42:09] download: [0] RUN: curl -sI -- ftp://192.168.15.1/a/b/c
[2021-06-05 00:42:12] download: [0] RUN: curl -sI -- ftp://192.168.15.1/a/b/c
[2021-06-05 00:42:15] download: [0] RUN: curl -sI -- ftp://192.168.15.1/a/b/c
[2021-06-05 00:42:18] download: [0] RUN: rm -f -- /tmp/tmp.zkZTq7
[2021-06-05 00:42:19] download: can't retrieve image/file size by specified URL
[2021-06-05 00:42:19] download: [0] LEAVE: get_file_size
[2021-06-05 00:42:19] download: [0] iteration failed (rc=1, determinate file size)
[2021-06-05 00:42:20] download: connection error or bad URL/filename: 'ftp://192.168.15.1/a/b/c', go to the next ring
[2021-06-05 00:42:20] download: [0] ENTER: download_input_form
[2021-06-05 00:42:20] download: [0] ENTER: ftp_input_form
[2021-06-05 00:42:29] download: [0] LEAVE: ftp_input_form
[2021-06-05 00:42:29] download: [0] LEAVE: download_input_form
[2021-06-05 00:42:29] download: [0] ENTER: get_file_size
[2021-06-05 00:42:29] download: [0] RUN: mktemp -t
[2021-06-05 00:42:30] download: retrieving image file size: 'ftp://192.168.15.1/srv/public'
[2021-06-05 00:42:30] download: [0] RUN: curl -sI -- ftp://192.168.15.1/srv/public
[2021-06-05 00:42:33] download: [0] RUN: curl -sI -- ftp://192.168.15.1/srv/public
[2021-06-05 00:42:36] download: [0] RUN: curl -sI -- ftp://192.168.15.1/srv/public
[2021-06-05 00:42:39] download: [0] RUN: curl -sI -- ftp://192.168.15.1/srv/public
[2021-06-05 00:42:42] download: [0] RUN: curl -sI -- ftp://192.168.15.1/srv/public
[2021-06-05 00:42:45] download: [0] RUN: curl -sI -- ftp://192.168.15.1/srv/public
[2021-06-05 00:42:48] download: [0] RUN: curl -sI -- ftp://192.168.15.1/srv/public
[2021-06-05 00:42:51] download: [0] RUN: rm -f -- /tmp/tmp.H9hzov
[2021-06-05 00:42:51] download: can't retrieve image/file size by specified URL
[2021-06-05 00:42:51] download: [0] LEAVE: get_file_size
[2021-06-05 00:42:51] download: [0] iteration failed (rc=1, determinate file size)
[2021-06-05 00:42:55] download: connection error or bad URL/filename: 'ftp://192.168.15.1/srv/public', go to the next ring
[2021-06-05 00:42:55] download: [0] ENTER: download_input_form
[2021-06-05 00:42:55] download: [0] ENTER: ftp_input_form
[2021-06-05 00:43:04] download: [0] LEAVE: ftp_input_form
[2021-06-05 00:43:04] download: [0] LEAVE: download_input_form
[2021-06-05 00:43:04] download: [0] ENTER: get_file_size
[2021-06-05 00:43:04] download: [0] RUN: mktemp -t
[2021-06-05 00:43:04] download: retrieving image file size: 'ftp://192.168.15.1/srv/public/netinst/'
[2021-06-05 00:43:04] download: [0] RUN: curl -sI -- ftp://192.168.15.1/srv/public/netinst/
[2021-06-05 00:43:07] download: [0] RUN: curl -sI -- ftp://192.168.15.1/srv/public/netinst/
[2021-06-05 00:43:10] download: [0] RUN: curl -sI -- ftp://192.168.15.1/srv/public/netinst/
[2021-06-05 00:43:13] download: [0] RUN: curl -sI -- ftp://192.168.15.1/srv/public/netinst/
[2021-06-05 00:43:16] download: [0] RUN: curl -sI -- ftp://192.168.15.1/srv/public/netinst/
[2021-06-05 00:43:19] download: [0] RUN: curl -sI -- ftp://192.168.15.1/srv/public/netinst/
[2021-06-05 00:43:22] download: [0] RUN: curl -sI -- ftp://192.168.15.1/srv/public/netinst/
[2021-06-05 00:43:25] download: [0] RUN: rm -f -- /tmp/tmp.vkrXxk
[2021-06-05 00:43:26] download: can't retrieve image/file size by specified URL
[2021-06-05 00:43:26] download: [0] LEAVE: get_file_size
[2021-06-05 00:43:26] download: [0] iteration failed (rc=1, determinate file size)
[2021-06-05 00:43:29] download: connection error or bad URL/filename: 'ftp://192.168.15.1/srv/public/netinst/', go to the next ring
[2021-06-05 00:43:29] download: [0] ENTER: download_input_form
[2021-06-05 00:43:29] download: [0] ENTER: ftp_input_form
[2021-06-05 00:43:36] download: [0] LEAVE: ftp_input_form
[2021-06-05 00:43:36] download: [0] LEAVE: download_input_form
[2021-06-05 00:43:36] download: [0] ENTER: get_file_size
[2021-06-05 00:43:36] download: [0] RUN: mktemp -t
[2021-06-05 00:43:36] download: retrieving image file size: 'ftp://192.168.15.1/srv/public/netinst/current'
[2021-06-05 00:43:36] download: [0] RUN: curl -sI -- ftp://192.168.15.1/srv/public/netinst/current
============================================================
Last-Modified: Fri, 04 Jun 2021 15:22:36 GMT
Content-Length: 1254057984
Accept-ranges: bytes
============================================================

[2021-06-05 00:43:36] download: [0] RUN: rm -f -- /tmp/tmp.KH5JLe
[2021-06-05 00:43:37] download: [0] LEAVE: get_file_size
[2021-06-05 00:43:37] download: [0] ENTER: check_avail_space
[2021-06-05 00:43:37] download: available: 1224667 KiB, required: 1224667 KiB
[2021-06-05 00:43:37] download: [0] LEAVE: check_avail_space
[2021-06-05 00:43:37] download: [0] ENTER: download_image
[2021-06-05 00:43:37] download: downloading image: 'ftp://192.168.15.1/srv/public/netinst/current'
[2021-06-05 00:43:39] download: [0] RUN: sync
[2021-06-05 00:43:39] download: [0] LEAVE: download_image
[2021-06-05 00:43:39] download: [0] ENTER: lomount
[2021-06-05 00:43:39] download: [0] RUN: losetup -Lrf --show -- /dev/ram0
[2021-06-05 00:43:39] download: [0] losetup('/dev/ram0') result: '/dev/loop0'
[2021-06-05 00:43:39] download: [0] LET: devname="/dev/loop0"
[2021-06-05 00:43:39] download: [0] LEAVE: lomount
[2021-06-05 00:43:39] download: [0] DEVNAME: /dev/loop0
[2021-06-05 00:43:39] download: [0] FILESIZE: 1254057984
[2021-06-05 00:43:39] download: [0] RUN: cp -a -- /dev/loop0 /dev/bootchain/dst/step1/dev
[2021-06-05 00:43:39] download: [0] ENTER: stage2_getenv
[2021-06-05 00:43:39] download: [0] KEY: 'METHOD'
[2021-06-05 00:43:39] download: [0] LEAVE: stage2_getenv
[2021-06-05 00:43:39] download: [0] ENTER: stage2_setenv
[2021-06-05 00:43:39] download: [0] ARGS: METHOD='ftp'
[2021-06-05 00:43:39] download: [0] LEAVE: stage2_setenv
[2021-06-05 00:43:39] download: [0] ENTER: stage2_setenv
[2021-06-05 00:43:39] download: [0] ARGS: HOST='192.168.15.1'
[2021-06-05 00:43:39] download: [0] LEAVE: stage2_setenv
[2021-06-05 00:43:39] download: [0] ENTER: stage2_setenv
[2021-06-05 00:43:39] download: [0] ARGS: PREFIX='/srv/public/netinst/current'
[2021-06-05 00:43:39] download: [0] LEAVE: stage2_setenv
[2021-06-05 00:43:39] download: [0] download finished
[2021-06-05 00:43:39] bootchain-loop: RUN: touch /.initrd/bootchain/passed/download
[2021-06-05 00:43:39] bootchain-loop: LET: callnum_download="1"
[2021-06-05 00:43:39] bootchain-loop: remaining steps: iso9660,squashfs,liveboot,rootfs
[2021-06-05 00:43:39] bootchain-loop: LET: callnum="0"
[2021-06-05 00:43:39] bootchain-loop: RUN: mkdir -p -- /dev/bootchain/src/step2 /dev/bootchain/dst/step2
[2021-06-05 00:43:39] bootchain-loop: [0] Handler: /lib/bootchain/iso9660
[2021-06-05 00:43:39] debug: debug for iso9660 [0] started
[2021-06-05 00:43:39] debug: PREV DIR: /dev/bootchain/dst/step1
[2021-06-05 00:43:39] debug: Data DIR: /dev/bootchain/src/step2
[2021-06-05 00:43:39] debug: DEST DIR: /dev/bootchain/dst/step2
##############################
Previous step results (/dev/bootchain/dst/step1):
dev (7:0 -> /dev/loop0)
DEVNAME (7:0 -> /dev/loop0)
FILESIZE (1254057984)
##############################
[2021-06-05 00:43:39] debug: debug for iso9660 [0] finished
[2021-06-05 00:43:39] bootchain-loop: RUN: /lib/bootchain/iso9660
[2021-06-05 00:43:39] iso9660: [0] iso9660 started
[2021-06-05 00:43:39] iso9660: [0] RUN: mkdir -p -- /image
[2021-06-05 00:43:39] iso9660: [0] RUN: mount -t iso9660 -o ro -- /dev/loop0 /image
[2021-06-05 00:43:39] iso9660: [0] ENTER: bypass_results
[2021-06-05 00:43:39] iso9660: [0] RUN: rmdir -- /dev/bootchain/dst/step2
[2021-06-05 00:43:39] iso9660: [0] RUN: ln -snf -- /image /dev/bootchain/dst/step2
[2021-06-05 00:43:39] iso9660: [0] LEAVE: bypass_results
[2021-06-05 00:43:39] iso9660: [0] iso9660 finished
[2021-06-05 00:43:39] bootchain-loop: RUN: touch /.initrd/bootchain/passed/iso9660
[2021-06-05 00:43:39] bootchain-loop: LET: callnum_iso9660="1"
[2021-06-05 00:43:39] bootchain-loop: remaining steps: squashfs,liveboot,rootfs
[2021-06-05 00:43:39] bootchain-loop: LET: callnum="0"
[2021-06-05 00:43:39] bootchain-loop: RUN: mkdir -p -- /dev/bootchain/src/step3 /dev/bootchain/dst/step3
[2021-06-05 00:43:39] bootchain-loop: [0] Handler: /lib/bootchain/squashfs
[2021-06-05 00:43:39] debug: debug for squashfs [0] started
[2021-06-05 00:43:39] debug: PREV DIR: /image
[2021-06-05 00:43:39] debug: Data DIR: /dev/bootchain/src/step3
[2021-06-05 00:43:39] debug: DEST DIR: /dev/bootchain/dst/step3
##############################
Previous step results (/image):
2021-06-04-15-13-04-00
EFI/
Metadata/
boot/
docs/
index.html
license.all.html
license.ru.html
live
##############################
[2021-06-05 00:43:39] debug: debug for squashfs [0] finished
[2021-06-05 00:43:39] bootchain-loop: RUN: /lib/bootchain/squashfs
[2021-06-05 00:43:39] squashfs: [0] ENTER: get_bootarg
[2021-06-05 00:43:39] squashfs: [0] LET: SQUASHFS="/live"
[2021-06-05 00:43:39] squashfs: [0] LEAVE: get_bootarg
[2021-06-05 00:43:39] squashfs: [0] squashfs started (/live)
[2021-06-05 00:43:39] squashfs: [0] ENTER: lomount
[2021-06-05 00:43:39] squashfs: [0] RUN: losetup -Lrf --show -- /image/live
[2021-06-05 00:43:39] squashfs: [0] losetup('/image/live') result: '/dev/loop1'
[2021-06-05 00:43:39] squashfs: [0] LET: devname="/dev/loop1"
[2021-06-05 00:43:39] squashfs: [0] LEAVE: lomount
[2021-06-05 00:43:39] squashfs: [0] RUN: mount -t squashfs -r -- /dev/loop1 /root
[2021-06-05 00:43:39] squashfs: [0] ENTER: bypass_results
[2021-06-05 00:43:39] squashfs: [0] RUN: rmdir -- /dev/bootchain/dst/step3
[2021-06-05 00:43:39] squashfs: [0] RUN: ln -snf -- /root /dev/bootchain/dst/step3
[2021-06-05 00:43:39] squashfs: [0] LEAVE: bypass_results
[2021-06-05 00:43:39] squashfs: [0] squashfs finished
[2021-06-05 00:43:39] bootchain-loop: RUN: touch /.initrd/bootchain/passed/squashfs
[2021-06-05 00:43:39] bootchain-loop: LET: callnum_squashfs="1"
[2021-06-05 00:43:39] bootchain-loop: remaining steps: liveboot,rootfs
[2021-06-05 00:43:39] bootchain-loop: LET: callnum="0"
[2021-06-05 00:43:39] bootchain-loop: RUN: mkdir -p -- /dev/bootchain/src/step4 /dev/bootchain/dst/step4
[2021-06-05 00:43:39] bootchain-loop: [0] Handler: /lib/bootchain/liveboot
[2021-06-05 00:43:39] debug: debug for liveboot [0] started
[2021-06-05 00:43:39] debug: PREV DIR: /root
[2021-06-05 00:43:39] debug: Data DIR: /dev/bootchain/src/step4
[2021-06-05 00:43:39] debug: DEST DIR: /dev/bootchain/dst/step4
##############################
Previous step results (/root):
bin/
boot/
dev/
etc/
home/
image/
lib/
lib64/
libx32/
media/
mnt/
opt/
proc/
root/
run/
sbin/
selinux/
srv/
sys/
tmp/
##############################
[2021-06-05 00:43:39] debug: debug for liveboot [0] finished
[2021-06-05 00:43:39] bootchain-loop: RUN: /lib/bootchain/liveboot
[2021-06-05 00:43:39] liveboot: [0] ENTER: get_bootarg
[2021-06-05 00:43:39] liveboot: [0] LET: stagename="live"
[2021-06-05 00:43:39] liveboot: [0] LEAVE: get_bootarg
[2021-06-05 00:43:39] liveboot: [0] ENTER: get_bootarg
[2021-06-05 00:43:39] liveboot: [0] LET: method="ftp"
[2021-06-05 00:43:39] liveboot: [0] LEAVE: get_bootarg
[2021-06-05 00:43:39] liveboot: [0] ENTER: get_bootarg
[2021-06-05 00:43:39] liveboot: [0] LET: directory=""
[2021-06-05 00:43:39] liveboot: [0] LEAVE: get_bootarg
[2021-06-05 00:43:39] liveboot: [0] ENTER: get_bootarg
[2021-06-05 00:43:39] liveboot: [0] LET: overlayroot=""
[2021-06-05 00:43:39] liveboot: [0] LEAVE: get_bootarg
[2021-06-05 00:43:39] liveboot: [0] ENTER: get_bootarg
[2021-06-05 00:43:39] liveboot: [0] LET: profile=""
[2021-06-05 00:43:39] liveboot: [0] LEAVE: get_bootarg
[2021-06-05 00:43:39] liveboot: [0] ENTER: get_bootarg
[2021-06-05 00:43:39] liveboot: [0] LET: overlays=""
[2021-06-05 00:43:39] liveboot: [0] LEAVE: get_bootarg
[2021-06-05 00:43:39] liveboot: [0] ENTER: get_bootarg
[2021-06-05 00:43:39] liveboot: [0] LET: flags="live_ro,live_rw"
[2021-06-05 00:43:39] liveboot: [0] LEAVE: get_bootarg
[2021-06-05 00:43:39] liveboot: [0] ENTER: get_bootarg
[2021-06-05 00:43:39] liveboot: [0] LET: timeout=""
[2021-06-05 00:43:39] liveboot: [0] LEAVE: get_bootarg
[2021-06-05 00:43:39] liveboot: [0] liveboot started (stagename=live;method=ftp;flags=live_ro,live_rw)
[2021-06-05 00:43:39] liveboot: [0] RUN: ln -snf /proc/mounts /etc/mtab
[2021-06-05 00:43:39] liveboot: [0] ENTER: use_hooks
[2021-06-05 00:43:39] liveboot: [0] HOOKS: 'liveboot-init.d'
[2021-06-05 00:43:39] liveboot: [0] USING: 'liveboot-init.d/100-overlayroot'
[2021-06-05 00:43:39] liveboot: [0] USING: 'liveboot-init.d/400-liverw'
[2021-06-05 00:43:39] liveboot: [0] USING: 'liveboot-init.d/700-cifs'
[2021-06-05 00:43:39] liveboot: [0] USING: 'liveboot-init.d/700-nfs'
[2021-06-05 00:43:39] liveboot: [0] LEAVE: use_hooks
[2021-06-05 00:43:39] liveboot: running live
[2021-06-05 00:43:39] liveboot: [0] ENTER: use_hooks
[2021-06-05 00:43:39] liveboot: [0] HOOKS: 'liveboot-pre.d'
[2021-06-05 00:43:39] liveboot: [0] USING: 'liveboot-pre.d/400-liverw'
[2021-06-05 00:43:39] liveboot: [0] LEAVE: use_hooks
[2021-06-05 00:43:39] liveboot: [0] ENTER: do_overlay
[2021-06-05 00:43:39] liveboot: remounting / with overlayfs
[2021-06-05 00:43:39] liveboot: [0] RUN: mkdir -p -- /root.rw /root.ro
[2021-06-05 00:43:39] liveboot: [0] ENTER: use_hooks
[2021-06-05 00:43:39] liveboot: [0] HOOKS: 'rw-overlay.d'
[2021-06-05 00:43:39] liveboot: [0] USING: 'rw-overlay.d/100-overlayroot'
[2021-06-05 00:43:39] liveboot: [0] USING: 'rw-overlay.d/400-liverw'
[2021-06-05 00:43:39] liveboot: [0] ENTER: liverw_disk_slice
[2021-06-05 00:43:39] liveboot: [0] LEAVE: liverw_disk_slice
[2021-06-05 00:43:39] liveboot: [0] LEAVE: use_hooks
[2021-06-05 00:43:39] liveboot: [0] RUN: mount -t tmpfs -o mode=755 -- none /root.rw
[2021-06-05 00:43:39] liveboot: [0] RUN: mkdir -p -- /root.rw/rw /root.rw/wk
[2021-06-05 00:43:39] liveboot: [0] RUN: mount --move -- /root /root.ro
[2021-06-05 00:43:39] liveboot: [0] ENTER: use_hooks
[2021-06-05 00:43:39] liveboot: [0] HOOKS: 'livecd-slice.d'
[2021-06-05 00:43:39] liveboot: [0] USING: 'livecd-slice.d/300-localdev'
[2021-06-05 00:43:39] liveboot: [0] USING: 'livecd-slice.d/700-cifs'
[2021-06-05 00:43:39] liveboot: [0] USING: 'livecd-slice.d/700-nfs'
[2021-06-05 00:43:39] liveboot: [0] LEAVE: use_hooks
[2021-06-05 00:43:39] liveboot: [0] RUN: mount -t overlay -o lowerdir=/root.ro,upperdir=/root.rw/rw,workdir=/root.rw/wk -- overlay /root
[2021-06-05 00:43:39] liveboot: [0] RUN: mkdir -p -- /root/.ro /root/.rw
[2021-06-05 00:43:39] liveboot: [0] RUN: mount --move -- /root.ro /root/.ro
[2021-06-05 00:43:39] liveboot: [0] RUN: mount --move -- /root.rw /root/.rw
[2021-06-05 00:43:39] liveboot: [0] RUN: rmdir -- /root.rw /root.ro
[2021-06-05 00:43:39] liveboot: rootfs overlayed with overlayfs
[2021-06-05 00:43:39] liveboot: [0] RUN: mkdir -p -- /root/image
[2021-06-05 00:43:39] liveboot: [0] RUN: mount --move -- /image /root/image
[2021-06-05 00:43:39] liveboot: [0] ENTER: use_hooks
[2021-06-05 00:43:39] liveboot: [0] HOOKS: 'liveboot-post.d'
[2021-06-05 00:43:39] liveboot: [0] USING: 'liveboot-post.d/950-altboot'
[2021-06-05 00:43:39] liveboot: [0] ENTER: altboot_cleanup
[2021-06-05 00:43:39] liveboot: Spawning init...
[2021-06-05 00:43:39] liveboot: [0] LEAVE: altboot_cleanup
[2021-06-05 00:43:39] liveboot: [0] LEAVE: use_hooks
[2021-06-05 00:43:39] liveboot: [0] RUN: cp -Lf -- /etc/resolv.conf /root/etc/
[2021-06-05 00:43:39] liveboot: [0] ENTER: bypass_results
[2021-06-05 00:43:39] liveboot: [0] RUN: rmdir -- /dev/bootchain/dst/step4
[2021-06-05 00:43:39] liveboot: [0] RUN: ln -snf -- /root /dev/bootchain/dst/step4
[2021-06-05 00:43:39] liveboot: [0] LEAVE: bypass_results
[2021-06-05 00:43:39] liveboot: [0] LEAVE: do_overlay
[2021-06-05 00:43:39] liveboot: [0] liveboot finished
[2021-06-05 00:43:39] bootchain-loop: RUN: touch /.initrd/bootchain/passed/liveboot
[2021-06-05 00:43:39] bootchain-loop: LET: callnum_liveboot="1"
[2021-06-05 00:43:39] bootchain-loop: remaining steps: rootfs
[2021-06-05 00:43:39] bootchain-loop: LET: callnum="0"
[2021-06-05 00:43:39] bootchain-loop: RUN: mkdir -p -- /dev/bootchain/src/step5 /dev/bootchain/dst/step5
[2021-06-05 00:43:39] bootchain-loop: [0] Handler: /lib/bootchain/rootfs
[2021-06-05 00:43:39] debug: debug for rootfs [0] started
[2021-06-05 00:43:39] debug: PREV DIR: /root
[2021-06-05 00:43:39] debug: Data DIR: /dev/bootchain/src/step5
[2021-06-05 00:43:39] debug: DEST DIR: /dev/bootchain/dst/step5
##############################
Previous step results (/root):
bin/
boot/
dev/
etc/
home/
image/
lib/
lib64/
libx32/
media/
mnt/
opt/
proc/
root/
run/
sbin/
selinux/
srv/
sys/
tmp/

Mount points and devices:
/dev/loop0 on /root/image type iso9660 (ro,relatime,nojoliet,check=s,map=n,blocksize=2048)
/dev/loop1 on /root/.ro type squashfs (ro,relatime)
none on /root/.rw type tmpfs (rw,relatime,mode=755)
##############################
[2021-06-05 00:43:39] debug: debug for rootfs [0] finished
[2021-06-05 00:43:39] bootchain-loop: RUN: /lib/bootchain/rootfs
[2021-06-05 00:43:39] bootchain-loop: RUN: touch /.initrd/bootchain/passed/rootfs
[2021-06-05 00:43:39] bootchain-loop: [0] Handler: /lib/bootchain/debug
[2021-06-05 00:43:39] debug: debug for STAGE2 [0] started
[2021-06-05 00:43:39] debug: PREV DIR: /root
[2021-06-05 00:43:39] debug: Data DIR: 
[2021-06-05 00:43:39] debug: DEST DIR: 
##############################
Previous step results (/root):
bin/
boot/
dev/
etc/
home/
image/
lib/
lib64/
libx32/
media/
mnt/
opt/
proc/
root/
run/
sbin/
selinux/
srv/
sys/
tmp/

Mount points and devices:
/dev/loop0 on /root/image type iso9660 (ro,relatime,nojoliet,check=s,map=n,blocksize=2048)
/dev/loop1 on /root/.ro type squashfs (ro,relatime)
none on /root/.rw type tmpfs (rw,relatime,mode=755)
##############################
[2021-06-05 00:43:39] debug: debug for STAGE2 [0] finished
[2021-06-05 00:43:39] bootchain-loop: last step finished with exit code 2
[2021-06-05 00:43:39] bootchain-loop: RUN: cp -Lf -- /var/log/bootchained.log /root/var/log/
