[2021-05-30 16:24:21] bootchained: Starting server [INITRAMFS 2.16.0]...
[2021-05-30 16:24:21] bootchained: Booting with /proc/cmdline:
============================================================
BOOT_IMAGE=/boot/vmlinuz fastboot live root=bootchain bootchain=fg,altboot bc_debug automatic=method:cdrom,uuid:2021-05-30-12-55-00-00 stagename=rescue ramdisk_size=497773 splash=0 showopts max_loop=16 forensic hash=613bf1a12803b448682d0c6d628400d2a52f38b61e6815af34f364cf71ad6512 rdshell
============================================================

[2021-05-30 16:24:21] bootchained: RUN: mkdir -p -- /dev/bootchain /.initrd/bootchain/passed
[2021-05-30 16:24:21] bootchained: RUN: mount -t tmpfs tmpfs /dev/bootchain
[2021-05-30 16:24:21] bootchain-loop: LET: callnum="0"
[2021-05-30 16:24:21] bootchain-loop: [0] Switching to foreground
[2021-05-30 16:24:21] bootchain-loop: LET: callnum_fg="1"
[2021-05-30 16:24:21] bootchain-loop: TTY2 will be activated after 2 seconds
[2021-05-30 16:24:22] bootchain-loop: LET: callnum="0"
[2021-05-30 16:24:22] bootchain-loop: RUN: mkdir -p -- /dev/bootchain/src/step0 /dev/bootchain/dst/step0
[2021-05-30 16:24:22] bootchain-loop: [0] Handler: /lib/bootchain/altboot
[2021-05-30 16:24:22] debug: debug for altboot [0] started
[2021-05-30 16:24:22] debug: PREV DIR: 
[2021-05-30 16:24:22] debug: Data DIR: /dev/bootchain/src/step0
[2021-05-30 16:24:22] debug: DEST DIR: /dev/bootchain/dst/step0
############################################################
[2021-05-30 16:24:22] debug: debug for altboot [0] finished
[2021-05-30 16:24:22] bootchain-loop: RUN: /lib/bootchain/altboot
[2021-05-30 16:24:22] altboot: [0] altboot started (automatic='method:cdrom,uuid:2021-05-30-12-55-00-00')
[2021-05-30 16:24:22] altboot: [0] WELCOME TEXT: 'Welcome to ALT!'
[2021-05-30 16:24:22] altboot: [0] DISTRIBUTION: 'ALT Workstation 10'
[2021-05-30 16:24:22] altboot: [0] ENTER: altboot_config
[2021-05-30 16:24:22] altboot: [0] RUN: ls -1 -- /lib/altboot/automatic.d/
[2021-05-30 16:24:22] altboot: [0] ENTER: use_hooks
[2021-05-30 16:24:22] altboot: [0] HOOKS: 'automatic.d'
[2021-05-30 16:24:22] altboot: [0] USING: 'automatic.d/directory'
[2021-05-30 16:24:22] altboot: [0] LEAVE: use_hooks
[2021-05-30 16:24:22] altboot: [0] ENTER: use_hooks
[2021-05-30 16:24:22] altboot: [0] HOOKS: 'add-methods.d'
[2021-05-30 16:24:22] altboot: [0] USING: 'add-methods.d/100-nfs'
[2021-05-30 16:24:22] altboot: [0] boot method registered: 'nfs'
[2021-05-30 16:24:22] altboot: [0] USING: 'add-methods.d/150-ftp'
[2021-05-30 16:24:22] altboot: [0] boot method registered: 'ftp'
[2021-05-30 16:24:22] altboot: [0] USING: 'add-methods.d/250-http'
[2021-05-30 16:24:22] altboot: [0] boot method registered: 'http'
[2021-05-30 16:24:22] altboot: [0] USING: 'add-methods.d/450-cifs'
[2021-05-30 16:24:22] altboot: [0] boot method registered: 'cifs'
[2021-05-30 16:24:22] altboot: [0] USING: 'add-methods.d/750-cdrom'
[2021-05-30 16:24:22] altboot: [0] boot method registered: 'cdrom'
[2021-05-30 16:24:22] altboot: [0] USING: 'add-methods.d/850-disk'
[2021-05-30 16:24:22] altboot: [0] boot method registered: 'disk'
[2021-05-30 16:24:22] altboot: [0] LEAVE: use_hooks
[2021-05-30 16:24:22] altboot: [0] RUN: ls -1 -- /lib/altboot/global-args.d/
[2021-05-30 16:24:22] altboot: [0] ENTER: use_hooks
[2021-05-30 16:24:22] altboot: [0] HOOKS: 'translate.d'
[2021-05-30 16:24:22] altboot: [0] USING: 'translate.d/050-overlays'
[2021-05-30 16:24:22] altboot: [0] USING: 'translate.d/070-lowmem'
[2021-05-30 16:24:22] altboot: [0] USING: 'translate.d/100-cifs'
[2021-05-30 16:24:22] altboot: [0] USING: 'translate.d/100-download'
[2021-05-30 16:24:22] altboot: [0] USING: 'translate.d/100-localdev'
[2021-05-30 16:24:22] altboot: [0] USING: 'translate.d/100-nfs'
[2021-05-30 16:24:22] altboot: [0] USING: 'translate.d/350-squashfs'
[2021-05-30 16:24:22] altboot: [0] USING: 'translate.d/520-liverw'
[2021-05-30 16:24:22] altboot: [0] USING: 'translate.d/550-liveboot'
[2021-05-30 16:24:22] altboot: [0] USING: 'translate.d/650-liverw'
[2021-05-30 16:24:22] altboot: [0] USING: 'translate.d/750-liveboot'
[2021-05-30 16:24:22] altboot: [0] USING: 'translate.d/950-liveboot'
[2021-05-30 16:24:22] altboot: [0] LEAVE: use_hooks
[2021-05-30 16:24:22] altboot: [0] BOOTCHAIN REPLACED: 'localdev,download,checksum,squashfs,liveboot,rootfs'
[2021-05-30 16:24:22] altboot: [0] LEAVE: altboot_config
[2021-05-30 16:24:22] altboot: [0] ENTER: use_hooks
[2021-05-30 16:24:22] altboot: [0] HOOKS: 'forget-args.d'
[2021-05-30 16:24:22] altboot: [0] USING: 'forget-args.d/100-altboot'
[2021-05-30 16:24:22] altboot: [0] USING: 'forget-args.d/300-localdev'
[2021-05-30 16:24:22] altboot: [0] USING: 'forget-args.d/400-liverw'
[2021-05-30 16:24:22] altboot: [0] LEAVE: use_hooks
[2021-05-30 16:24:22] altboot: [0] altboot steps configuration (/.initrd/bootchain/altboot.conf):
============================================================
ALTBOOT_OLDROOT=1
ALTBOOT_STEPS="localdev download checksum squashfs liveboot"
ALTBOOT_CHECKSUM0="613bf1a12803b448682d0c6d628400d2a52f38b61e6815af34f364cf71ad6512"
ALTBOOT_CHECKSUM=1
ALTBOOT_CIFS0=""
ALTBOOT_CIFS=
ALTBOOT_DOWNLOAD0="to=RD;method=url;url=file:///rescue"
ALTBOOT_DOWNLOAD=1
ALTBOOT_LIVEBOOT0="stagename=rescue;method=cdrom;flags=live_ro,rescue"
ALTBOOT_LIVEBOOT=1
ALTBOOT_LOCALDEV0="method=cdrom;uuid=2021-05-30-12-55-00-00;directory=/rescue"
ALTBOOT_LOCALDEV=1
ALTBOOT_NFS0=""
ALTBOOT_NFS=
ALTBOOT_SQUASHFS0="-"
ALTBOOT_SQUASHFS=1
unset AUTOMATIC
unset STAGENAME
unset PROFILE
unset HASH
unset RESCUE
unset LIVE
unset LOWMEM
unset UPDATEMODULES
unset LIVE_RW
============================================================

[2021-05-30 16:24:22] altboot: [0] ENTER: bypass_results
[2021-05-30 16:24:22] altboot: [0] LEAVE: bypass_results
[2021-05-30 16:24:22] altboot: [0] altboot finished
[2021-05-30 16:24:22] bootchain-loop: chain will be reloaded by /.initrd/bootchain/bootchain.next:
============================================================
chainsteps="localdev,download,checksum,squashfs,liveboot,rootfs"
============================================================

[2021-05-30 16:24:22] bootchain-loop: RUN: rm -f -- /.initrd/bootchain/bootchain.next
[2021-05-30 16:24:22] bootchain-loop: remaining steps: localdev,download,checksum,squashfs,liveboot,rootfs
[2021-05-30 16:24:22] bootchain-loop: LET: callnum="0"
[2021-05-30 16:24:22] bootchain-loop: RUN: mkdir -p -- /dev/bootchain/src/step1 /dev/bootchain/dst/step1
[2021-05-30 16:24:22] bootchain-loop: [0] Handler: /lib/bootchain/localdev
[2021-05-30 16:24:22] debug: debug for localdev [0] started
[2021-05-30 16:24:22] debug: PREV DIR: /dev/bootchain/dst/step0
[2021-05-30 16:24:22] debug: Data DIR: /dev/bootchain/src/step1
[2021-05-30 16:24:22] debug: DEST DIR: /dev/bootchain/dst/step1
##############################
Previous step results (/dev/bootchain/dst/step0):
##############################
[2021-05-30 16:24:22] debug: debug for localdev [0] finished
[2021-05-30 16:24:22] bootchain-loop: RUN: /lib/bootchain/localdev
[2021-05-30 16:24:22] localdev: [0] ENTER: get_bootarg
[2021-05-30 16:24:22] localdev: [0] LET: method="cdrom"
[2021-05-30 16:24:22] localdev: [0] LEAVE: get_bootarg
[2021-05-30 16:24:22] localdev: [0] ENTER: get_bootarg
[2021-05-30 16:24:22] localdev: [0] LET: disk=""
[2021-05-30 16:24:22] localdev: [0] LEAVE: get_bootarg
[2021-05-30 16:24:22] localdev: [0] ENTER: get_bootarg
[2021-05-30 16:24:22] localdev: [0] LET: part=""
[2021-05-30 16:24:22] localdev: [0] LEAVE: get_bootarg
[2021-05-30 16:24:22] localdev: [0] ENTER: get_bootarg
[2021-05-30 16:24:22] localdev: [0] LET: uuid="2021-05-30-12-55-00-00"
[2021-05-30 16:24:22] localdev: [0] LEAVE: get_bootarg
[2021-05-30 16:24:22] localdev: [0] ENTER: get_bootarg
[2021-05-30 16:24:22] localdev: [0] LET: label=""
[2021-05-30 16:24:22] localdev: [0] LEAVE: get_bootarg
[2021-05-30 16:24:22] localdev: [0] ENTER: get_bootarg
[2021-05-30 16:24:22] localdev: [0] LET: directory="/rescue"
[2021-05-30 16:24:22] localdev: [0] LEAVE: get_bootarg
[2021-05-30 16:24:22] localdev: [0] ENTER: get_bootarg
[2021-05-30 16:24:22] localdev: [0] LET: timeout=""
[2021-05-30 16:24:22] localdev: [0] LEAVE: get_bootarg
[2021-05-30 16:24:22] localdev: [0] ENTER: get_bootarg
[2021-05-30 16:24:22] localdev: [0] LET: options=""
[2021-05-30 16:24:22] localdev: [0] LEAVE: get_bootarg
[2021-05-30 16:24:22] localdev: [0] localdev started (method=cdrom;uuid=2021-05-30-12-55-00-00;directory=/rescue)
[2021-05-30 16:24:22] localdev: [0] ENTER: main_loop
[2021-05-30 16:24:22] localdev: [0] Idle before scan devices
[2021-05-30 16:24:23] localdev: [0] ENTER: scan_devices
[2021-05-30 16:24:23] localdev: [0] probing device: /dev/sda (8:0)
[2021-05-30 16:24:23] localdev: specified target found: /dev/sda (8:0)
[2021-05-30 16:24:23] localdev: [0] LEAVE: scan_devices
[2021-05-30 16:24:23] localdev: [0] ENTER: is_target_found
[2021-05-30 16:24:23] localdev: [0] RUN: mkdir -p -- /image
[2021-05-30 16:24:23] localdev: [0] RUN: mount -t iso9660 -o ro -- /dev/sda1 /image
[2021-05-30 16:24:23] localdev: [0] CD-ROM target replaced to the first partition: /dev/sda1
[2021-05-30 16:24:23] localdev: [0] ENTER: stage2_setenv
[2021-05-30 16:24:23] localdev: [0] ARGS: DEVICE='sda1'
[2021-05-30 16:24:23] localdev: [0] LEAVE: stage2_setenv
[2021-05-30 16:24:23] localdev: [0] ENTER: stage2_setenv
[2021-05-30 16:24:23] localdev: [0] ARGS: METHOD='cdrom'
[2021-05-30 16:24:23] localdev: [0] LEAVE: stage2_setenv
[2021-05-30 16:24:23] localdev: [0] ENTER: stage2_setenv
[2021-05-30 16:24:23] localdev: [0] ARGS: PREFIX='/'
[2021-05-30 16:24:23] localdev: [0] LEAVE: stage2_setenv
[2021-05-30 16:24:23] localdev: [0] ENTER: bypass_results
[2021-05-30 16:24:23] localdev: [0] RUN: rmdir -- /dev/bootchain/dst/step1
[2021-05-30 16:24:23] localdev: [0] RUN: ln -snf -- /image /dev/bootchain/dst/step1
[2021-05-30 16:24:23] localdev: [0] LEAVE: bypass_results
[2021-05-30 16:24:23] localdev: [0] LEAVE: is_target_found
[2021-05-30 16:24:23] localdev: [0] TARGET: '/dev/sda1'
[2021-05-30 16:24:24] localdev: [0] LEAVE: main_loop
[2021-05-30 16:24:24] localdev: [0] localdev finished
[2021-05-30 16:24:24] bootchain-loop: RUN: touch /.initrd/bootchain/passed/localdev
[2021-05-30 16:24:24] bootchain-loop: LET: callnum_localdev="1"
[2021-05-30 16:24:24] bootchain-loop: remaining steps: download,checksum,squashfs,liveboot,rootfs
[2021-05-30 16:24:24] bootchain-loop: LET: callnum="0"
[2021-05-30 16:24:24] bootchain-loop: RUN: mkdir -p -- /dev/bootchain/src/step2 /dev/bootchain/dst/step2
[2021-05-30 16:24:24] bootchain-loop: [0] Handler: /lib/bootchain/download
[2021-05-30 16:24:24] debug: debug for download [0] started
[2021-05-30 16:24:24] debug: PREV DIR: /image
[2021-05-30 16:24:24] debug: Data DIR: /dev/bootchain/src/step2
[2021-05-30 16:24:24] debug: DEST DIR: /dev/bootchain/dst/step2
##############################
Previous step results (/image):
2021-05-30-12-55-00-00
EFI/
boot/
docs/
license.all.html
license.ru.html
rescue
##############################
[2021-05-30 16:24:24] debug: debug for download [0] finished
[2021-05-30 16:24:24] bootchain-loop: RUN: /lib/bootchain/download
[2021-05-30 16:24:24] download: [0] ENTER: get_bootarg
[2021-05-30 16:24:24] download: [0] LET: to="RD"
[2021-05-30 16:24:24] download: [0] LEAVE: get_bootarg
[2021-05-30 16:24:24] download: [0] ENTER: get_bootarg
[2021-05-30 16:24:24] download: [0] LET: method="url"
[2021-05-30 16:24:24] download: [0] LEAVE: get_bootarg
[2021-05-30 16:24:24] download: [0] ENTER: get_bootarg
[2021-05-30 16:24:24] download: [0] LET: url="file:///rescue"
[2021-05-30 16:24:24] download: [0] LEAVE: get_bootarg
[2021-05-30 16:24:24] download: [0] ENTER: get_bootarg
[2021-05-30 16:24:24] download: [0] LET: server=""
[2021-05-30 16:24:24] download: [0] LEAVE: get_bootarg
[2021-05-30 16:24:24] download: [0] ENTER: get_bootarg
[2021-05-30 16:24:24] download: [0] LET: directory=""
[2021-05-30 16:24:24] download: [0] LEAVE: get_bootarg
[2021-05-30 16:24:24] download: [0] ENTER: get_bootarg
[2021-05-30 16:24:24] download: [0] LET: user=""
[2021-05-30 16:24:24] download: [0] LEAVE: get_bootarg
[2021-05-30 16:24:24] download: [0] ENTER: get_bootarg
[2021-05-30 16:24:24] download: [0] LET: pass=""
[2021-05-30 16:24:24] download: [0] LEAVE: get_bootarg
[2021-05-30 16:24:24] download: [0] ENTER: get_bootarg
[2021-05-30 16:24:24] download: [0] LET: imgsize=""
[2021-05-30 16:24:24] download: [0] LEAVE: get_bootarg
[2021-05-30 16:24:24] download: [0] ENTER: get_bootarg
[2021-05-30 16:24:24] download: [0] LET: timeout=""
[2021-05-30 16:24:24] download: [0] LEAVE: get_bootarg
[2021-05-30 16:24:24] download: [0] download started (to=RD;method=url;url=file:///rescue)
[2021-05-30 16:24:24] download: [0] ENTER: get_free_ramdisk
[2021-05-30 16:24:24] download: [0] LET: to="/dev/ram0"
[2021-05-30 16:24:24] download: [0] LEAVE: get_free_ramdisk
[2021-05-30 16:24:24] download: [0] ENTER: mark_used_ramdisk
[2021-05-30 16:24:24] download: [0] RUN: mkdir -p -- /.initrd/ramdisks
[2021-05-30 16:24:24] download: [0] RUN: touch -- /.initrd/ramdisks/0
[2021-05-30 16:24:24] download: [0] LEAVE: mark_used_ramdisk
[2021-05-30 16:24:24] download: [0] ENTER: get_file_size
[2021-05-30 16:24:24] download: retrieving file size: '/image/rescue'
[2021-05-30 16:24:24] download: [0] RUN: stat -L -c%s -- /image/rescue
[2021-05-30 16:24:24] download: [0] LEAVE: get_file_size
[2021-05-30 16:24:24] download: [0] ENTER: check_avail_space
[2021-05-30 16:24:24] download: [0] LEAVE: check_avail_space
[2021-05-30 16:24:24] download: [0] ENTER: download_image
[2021-05-30 16:24:24] download: downloading image: '/image/rescue'
[2021-05-30 16:24:25] download: [0] RUN: sync
[2021-05-30 16:24:25] download: [0] LEAVE: download_image
[2021-05-30 16:24:25] download: [0] ENTER: lomount
[2021-05-30 16:24:25] download: [0] RUN: losetup -Lrf --show -- /dev/ram0
[2021-05-30 16:24:25] download: [0] losetup('/dev/ram0') result: '/dev/loop0'
[2021-05-30 16:24:25] download: [0] LET: devname="/dev/loop0"
[2021-05-30 16:24:25] download: [0] LEAVE: lomount
[2021-05-30 16:24:25] download: [0] DEVNAME: /dev/loop0
[2021-05-30 16:24:25] download: [0] FILESIZE: 509718528
[2021-05-30 16:24:25] download: [0] RUN: cp -a -- /dev/loop0 /dev/bootchain/dst/step2/dev
[2021-05-30 16:24:25] download: [0] ENTER: stage2_getenv
[2021-05-30 16:24:25] download: [0] KEY: 'METHOD'
[2021-05-30 16:24:25] download: [0] stage2_getenv('METHOD') result: 'cdrom'
[2021-05-30 16:24:25] download: [0] LEAVE: stage2_getenv
[2021-05-30 16:24:25] download: [0] download finished
[2021-05-30 16:24:25] bootchain-loop: RUN: touch /.initrd/bootchain/passed/download
[2021-05-30 16:24:25] bootchain-loop: LET: callnum_download="1"
[2021-05-30 16:24:25] bootchain-loop: remaining steps: checksum,squashfs,liveboot,rootfs
[2021-05-30 16:24:25] bootchain-loop: LET: callnum="0"
[2021-05-30 16:24:25] bootchain-loop: RUN: mkdir -p -- /dev/bootchain/src/step3 /dev/bootchain/dst/step3
[2021-05-30 16:24:25] bootchain-loop: [0] Handler: /lib/bootchain/checksum
[2021-05-30 16:24:25] debug: debug for checksum [0] started
[2021-05-30 16:24:25] debug: PREV DIR: /dev/bootchain/dst/step2
[2021-05-30 16:24:25] debug: Data DIR: /dev/bootchain/src/step3
[2021-05-30 16:24:25] debug: DEST DIR: /dev/bootchain/dst/step3
##############################
Previous step results (/dev/bootchain/dst/step2):
dev (7:0 -> /dev/loop0)
DEVNAME (7:0 -> /dev/loop0)
FILESIZE (509718528)
##############################
[2021-05-30 16:24:25] debug: debug for checksum [0] finished
[2021-05-30 16:24:25] bootchain-loop: RUN: /lib/bootchain/checksum
[2021-05-30 16:24:25] checksum: [0] ENTER: get_bootarg
[2021-05-30 16:24:25] checksum: [0] LET: CHECKSUM="613bf1a12803b448682d0c6d628400d2a52f38b61e6815af34f364cf71ad6512"
[2021-05-30 16:24:25] checksum: [0] LEAVE: get_bootarg
[2021-05-30 16:24:25] checksum: [0] checksum started (613bf1a12803b448682d0c6d628400d2a52f38b61e6815af34f364cf71ad6512)
[2021-05-30 16:24:25] checksum: [0] ENTER: check_prevstep_results
[2021-05-30 16:24:25] checksum: [0] LEAVE: check_prevstep_results
[2021-05-30 16:24:25] checksum: [0] hash summa: 613bf1a12803b448682d0c6d628400d2a52f38b61e6815af34f364cf71ad6512
[2021-05-30 16:24:25] checksum: [0] hash data size: 509718528
[2021-05-30 16:24:25] checksum: [0] hash check program: sha256sum
[2021-05-30 16:24:25] checksum: calculating image checksum for '/dev/loop0'...
[2021-05-30 16:24:28] checksum: [0] calculated hash: 613bf1a12803b448682d0c6d628400d2a52f38b61e6815af34f364cf71ad65ec
[2021-05-30 16:24:32] checksum: image file checksum mismatch
[2021-05-30 16:24:32] bootchain-loop: RUN: touch /.initrd/bootchain/passed/checksum
[2021-05-30 16:24:32] bootchain-loop: [0] Handler failed (rc=1, try=1)
[2021-05-30 16:24:34] debug: debug for checksum [0] started
[2021-05-30 16:24:34] debug: PREV DIR: /dev/bootchain/dst/step2
[2021-05-30 16:24:34] debug: Data DIR: /dev/bootchain/src/step3
[2021-05-30 16:24:34] debug: DEST DIR: /dev/bootchain/dst/step3
##############################
Previous step results (/dev/bootchain/dst/step2):
dev (7:0 -> /dev/loop0)
DEVNAME (7:0 -> /dev/loop0)
FILESIZE (509718528)
##############################
[2021-05-30 16:24:34] debug: debug for checksum [0] finished
[2021-05-30 16:24:34] bootchain-loop: RUN: /lib/bootchain/checksum
[2021-05-30 16:24:34] checksum: this step has already passed
[2021-05-30 16:24:34] bootchain-loop: RUN: touch /.initrd/bootchain/passed/checksum
[2021-05-30 16:24:34] bootchain-loop: [0] Handler failed (rc=1, try=2)
[2021-05-30 16:24:36] debug: debug for checksum [0] started
[2021-05-30 16:24:36] debug: PREV DIR: /dev/bootchain/dst/step2
[2021-05-30 16:24:36] debug: Data DIR: /dev/bootchain/src/step3
[2021-05-30 16:24:36] debug: DEST DIR: /dev/bootchain/dst/step3
##############################
Previous step results (/dev/bootchain/dst/step2):
dev (7:0 -> /dev/loop0)
DEVNAME (7:0 -> /dev/loop0)
FILESIZE (509718528)
##############################
[2021-05-30 16:24:36] debug: debug for checksum [0] finished
[2021-05-30 16:24:36] bootchain-loop: RUN: /lib/bootchain/checksum
[2021-05-30 16:24:36] checksum: this step has already passed
[2021-05-30 16:24:36] bootchain-loop: RUN: touch /.initrd/bootchain/passed/checksum
[2021-05-30 16:24:36] bootchain-loop: [0] Handler failed (rc=1, try=3)
[2021-05-30 16:24:38] debug: debug for checksum [0] started
[2021-05-30 16:24:38] debug: PREV DIR: /dev/bootchain/dst/step2
[2021-05-30 16:24:38] debug: Data DIR: /dev/bootchain/src/step3
[2021-05-30 16:24:38] debug: DEST DIR: /dev/bootchain/dst/step3
##############################
Previous step results (/dev/bootchain/dst/step2):
dev (7:0 -> /dev/loop0)
DEVNAME (7:0 -> /dev/loop0)
FILESIZE (509718528)
##############################
[2021-05-30 16:24:38] debug: debug for checksum [0] finished
[2021-05-30 16:24:38] bootchain-loop: RUN: /lib/bootchain/checksum
[2021-05-30 16:24:38] checksum: this step has already passed
[2021-05-30 16:24:38] bootchain-loop: RUN: touch /.initrd/bootchain/passed/checksum
[2021-05-30 16:24:38] bootchain-loop: [0] Handler failed (rc=1, try=4)
[2021-05-30 16:24:40] debug: debug for checksum [0] started
[2021-05-30 16:24:40] debug: PREV DIR: /dev/bootchain/dst/step2
[2021-05-30 16:24:40] debug: Data DIR: /dev/bootchain/src/step3
[2021-05-30 16:24:40] debug: DEST DIR: /dev/bootchain/dst/step3
##############################
Previous step results (/dev/bootchain/dst/step2):
dev (7:0 -> /dev/loop0)
DEVNAME (7:0 -> /dev/loop0)
FILESIZE (509718528)
##############################
[2021-05-30 16:24:40] debug: debug for checksum [0] finished
[2021-05-30 16:24:40] bootchain-loop: RUN: /lib/bootchain/checksum
[2021-05-30 16:24:40] checksum: this step has already passed
[2021-05-30 16:24:40] bootchain-loop: RUN: touch /.initrd/bootchain/passed/checksum
[2021-05-30 16:24:40] bootchain-loop: [0] Handler failed (rc=1, try=5)
[2021-05-30 16:24:42] bootchain-loop: step 'checksum' failed (rc=1)
